<?xml version="1.0" encoding="UTF-8"?>
<!-- Generated by org.testng.reporters.JUnitReportReporter -->
<testsuite skipped="0" hostname="LAPTOP-9B3C4EKN" name="com.actitme.testscripts.CreateCustomer" tests="1" failures="0" timestamp="18 Apr 2023 06:41:02 GMT" time="0.016" errors="0">
  <testcase name="create" time="0.016" classname="com.actitme.testscripts.CreateCustomer"/>
</testsuite> <!-- com.actitme.testscripts.CreateCustomer -->
